2014/10/12 17:42:46 にビルドを開始しました。
     1>ノード 2 上のプロジェクト "C:\Users\takmin\Work\Vision&IT\Development\DataAugmentation\DataAugmentation\DataAugmentation.vcxproj" (Build ターゲット)。
     1>ClCompile:
         C:\Program Files (x86)\Microsoft Visual Studio 12.0\VC\bin\CL.exe /c /IC:\ProgramFolders\OpenCV2.4.9\include /I"C:\ProgramFolders\boost_1_55_0\include\boost-1_55" /ZI /nologo /W3 /WX- /Od /Oy- /D WIN32 /D _DEBUG /D _CONSOLE /D _LIB /D _UNICODE /D UNICODE /Gm /EHsc /RTC1 /MDd /GS /fp:precise /Zc:wchar_t /Zc:forScope /Fo"Debug\\" /Fd"Debug\vc120.pdb" /Gd /TP /analyze- /errorReport:prompt DataAugmentation.cpp
         DataAugmentation.cpp
     1>c:\users\takmin\work\vision&it\development\dataaugmentation\dataaugmentation\dataaugmentation.cpp(18): warning C4244: '=' : 'double' から 'int' への変換です。データが失われる可能性があります。
     1>c:\users\takmin\work\vision&it\development\dataaugmentation\dataaugmentation\dataaugmentation.cpp(19): warning C4244: '=' : 'double' から 'int' への変換です。データが失われる可能性があります。
     1>c:\users\takmin\work\vision&it\development\dataaugmentation\dataaugmentation\dataaugmentation.cpp(23): warning C4244: '+=' : 'double' から 'int' への変換です。データが失われる可能性があります。
     1>c:\users\takmin\work\vision&it\development\dataaugmentation\dataaugmentation\dataaugmentation.cpp(24): warning C4244: '+=' : 'double' から 'int' への変換です。データが失われる可能性があります。
     1>c:\users\takmin\work\vision&it\development\dataaugmentation\dataaugmentation\dataaugmentation.cpp(41): warning C4244: '引数' : 'double' から 'float' への変換です。データが失われる可能性があります。
     1>c:\users\takmin\work\vision&it\development\dataaugmentation\dataaugmentation\dataaugmentation.cpp(52): warning C4244: '初期化中' : 'double' から 'int' への変換です。データが失われる可能性があります。
     1>c:\users\takmin\work\vision&it\development\dataaugmentation\dataaugmentation\dataaugmentation.cpp(61): warning C4244: '初期化中' : 'double' から 'int' への変換です。データが失われる可能性があります。
     1>c:\users\takmin\work\vision&it\development\dataaugmentation\dataaugmentation\dataaugmentation.cpp(111): warning C4018: '<' : signed と unsigned の数値を比較しようとしました。
       Link:
         C:\Program Files (x86)\Microsoft Visual Studio 12.0\VC\bin\link.exe /ERRORREPORT:PROMPT /OUT:"C:\Users\takmin\Work\Vision&IT\Development\DataAugmentation\Debug\DataAugmentation.exe" /INCREMENTAL /NOLOGO /LIBPATH:C:\ProgramFolders\OpenCV2.4.9\x86\vc12\lib /LIBPATH:C:\ProgramFolders\boost_1_55_0\lib opencv_core249d.lib opencv_imgproc249d.lib opencv_highgui249d.lib kernel32.lib user32.lib gdi32.lib winspool.lib comdlg32.lib advapi32.lib shell32.lib ole32.lib oleaut32.lib uuid.lib odbc32.lib odbccp32.lib /MANIFEST /MANIFESTUAC:"level='asInvoker' uiAccess='false'" /manifest:embed /DEBUG /PDB:"C:\Users\takmin\Work\Vision&IT\Development\DataAugmentation\Debug\DataAugmentation.pdb" /SUBSYSTEM:CONSOLE /TLBID:1 /DYNAMICBASE /NXCOMPAT /IMPLIB:"C:\Users\takmin\Work\Vision&IT\Development\DataAugmentation\Debug\DataAugmentation.lib" /MACHINE:X86 Debug\DataAugmentation.obj
         Debug\main.obj
         Debug\RondomRotation.obj
         Debug\Util.obj
         DataAugmentation.vcxproj -> C:\Users\takmin\Work\Vision&IT\Development\DataAugmentation\Debug\DataAugmentation.exe
     1>プロジェクト "C:\Users\takmin\Work\Vision&IT\Development\DataAugmentation\DataAugmentation\DataAugmentation.vcxproj" (Build ターゲット) のビルドが完了しました。

ビルドに成功しました。

経過時間 00:00:04.40
