2014/10/12 23:41:52 にビルドを開始しました。
     1>ノード 2 上のプロジェクト "C:\Users\takmin\Work\Vision&IT\Development\DataAugmentation\DataAugmentation\DataAugmentation.vcxproj" (Build ターゲット)。
     1>ClCompile:
         C:\Program Files (x86)\Microsoft Visual Studio 12.0\VC\bin\CL.exe /c /IC:\ProgramFolders\OpenCV2.4.9\include /I"C:\ProgramFolders\boost_1_55_0\include\boost-1_55" /Zi /nologo /W3 /WX- /O2 /Oi /Oy- /GL /D WIN32 /D NDEBUG /D _CONSOLE /D _LIB /D _UNICODE /D UNICODE /Gm- /EHsc /MD /GS /Gy /fp:precise /Zc:wchar_t /Zc:forScope /Fo"Release\\" /Fd"Release\vc120.pdb" /Gd /TP /analyze- /errorReport:prompt RandomRotation.cpp main.cpp
         RandomRotation.cpp
     1>RandomRotation.cpp(159): warning C4244: '=' : 'double' から 'float' への変換です。データが失われる可能性があります。
     1>RandomRotation.cpp(160): warning C4244: '=' : 'double' から 'float' への変換です。データが失われる可能性があります。
     1>RandomRotation.cpp(208): warning C4244: '初期化中' : 'double' から 'int' への変換です。データが失われる可能性があります。
     1>RandomRotation.cpp(248): warning C4244: '引数' : 'double' から 'float' への変換です。データが失われる可能性があります。
         main.cpp
       Link:
         C:\Program Files (x86)\Microsoft Visual Studio 12.0\VC\bin\link.exe /ERRORREPORT:PROMPT /OUT:"C:\Users\takmin\Work\Vision&IT\Development\DataAugmentation\Release\DataAugmentation.exe" /INCREMENTAL:NO /NOLOGO /LIBPATH:C:\ProgramFolders\OpenCV2.4.9\x86\vc12\lib /LIBPATH:C:\ProgramFolders\boost_1_55_0\lib opencv_core249.lib opencv_imgproc249.lib opencv_highgui249.lib kernel32.lib user32.lib gdi32.lib winspool.lib comdlg32.lib advapi32.lib shell32.lib ole32.lib oleaut32.lib uuid.lib odbc32.lib odbccp32.lib /MANIFEST /MANIFESTUAC:"level='asInvoker' uiAccess='false'" /manifest:embed /DEBUG /PDB:"C:\Users\takmin\Work\Vision&IT\Development\DataAugmentation\Release\DataAugmentation.pdb" /SUBSYSTEM:CONSOLE /OPT:REF /OPT:ICF /LTCG /TLBID:1 /DYNAMICBASE /NXCOMPAT /IMPLIB:"C:\Users\takmin\Work\Vision&IT\Development\DataAugmentation\Release\DataAugmentation.lib" /MACHINE:X86 /SAFESEH Release\DataAugmentation.obj
         Release\main.obj
         Release\RandomRotation.obj
         Release\Util.obj
         コード生成しています。
         コード生成が終了しました。
         DataAugmentation.vcxproj -> C:\Users\takmin\Work\Vision&IT\Development\DataAugmentation\Release\DataAugmentation.exe
     1>プロジェクト "C:\Users\takmin\Work\Vision&IT\Development\DataAugmentation\DataAugmentation\DataAugmentation.vcxproj" (Build ターゲット) のビルドが完了しました。

ビルドに成功しました。

経過時間 00:00:37.59
